009 (103.001.000) 12/12 23:51:56 Job was aborted by the user.
	via condor_rm (by user vagrant)
...
009 (103.000.000) 12/12 23:51:56 Job was aborted by the user.
	via condor_rm (by user vagrant)
...
000 (155.000.000) 12/13 03:09:42 Job submitted from host: <10.0.0.21:9618?addrs=10.0.0.21-9618&noUDP&sock=916_e0d7_4>
...
001 (155.000.000) 12/13 03:09:43 Job executing on host: <10.0.0.22:9618?addrs=10.0.0.22-9618&noUDP&sock=922_fe68_4>
...
006 (155.000.000) 12/13 03:09:43 Image size of job updated: 1
	0  -  MemoryUsage of job (MB)
	0  -  ResidentSetSize of job (KB)
...
005 (155.000.000) 12/13 03:09:43 Job terminated.
	(1) Normal termination (return value 127)
		Usr 0 00:00:00, Sys 0 00:00:00  -  Run Remote Usage
		Usr 0 00:00:00, Sys 0 00:00:00  -  Run Local Usage
		Usr 0 00:00:00, Sys 0 00:00:00  -  Total Remote Usage
		Usr 0 00:00:00, Sys 0 00:00:00  -  Total Local Usage
	252  -  Run Bytes Sent By Job
	1497872  -  Run Bytes Received By Job
	252  -  Total Bytes Sent By Job
	1497872  -  Total Bytes Received By Job
	Partitionable Resources :    Usage  Request Allocated 
	   Cpus                 :                 1         1 
	   Disk (KB)            :     1500    20480  49550936 
	   Memory (MB)          :        0       20      1826 
...
000 (156.000.000) 12/13 03:13:41 Job submitted from host: <10.0.0.21:9618?addrs=10.0.0.21-9618&noUDP&sock=916_e0d7_4>
...
001 (156.000.000) 12/13 03:13:43 Job executing on host: <10.0.0.22:9618?addrs=10.0.0.22-9618&noUDP&sock=922_fe68_4>
...
006 (156.000.000) 12/13 03:13:43 Image size of job updated: 1
	0  -  MemoryUsage of job (MB)
	0  -  ResidentSetSize of job (KB)
...
005 (156.000.000) 12/13 03:13:43 Job terminated.
	(1) Normal termination (return value 1)
		Usr 0 00:00:00, Sys 0 00:00:00  -  Run Remote Usage
		Usr 0 00:00:00, Sys 0 00:00:00  -  Run Local Usage
		Usr 0 00:00:00, Sys 0 00:00:00  -  Total Remote Usage
		Usr 0 00:00:00, Sys 0 00:00:00  -  Total Local Usage
	40  -  Run Bytes Sent By Job
	1497850  -  Run Bytes Received By Job
	40  -  Total Bytes Sent By Job
	1497850  -  Total Bytes Received By Job
	Partitionable Resources :    Usage  Request Allocated 
	   Cpus                 :                 1         1 
	   Disk (KB)            :     1500    20480  49550936 
	   Memory (MB)          :        0       20      1826 
...
000 (157.000.000) 12/13 03:15:25 Job submitted from host: <10.0.0.21:9618?addrs=10.0.0.21-9618&noUDP&sock=916_e0d7_4>
...
001 (157.000.000) 12/13 03:15:27 Job executing on host: <10.0.0.22:9618?addrs=10.0.0.22-9618&noUDP&sock=922_fe68_4>
...
006 (157.000.000) 12/13 03:15:28 Image size of job updated: 1
	0  -  MemoryUsage of job (MB)
	0  -  ResidentSetSize of job (KB)
...
005 (157.000.000) 12/13 03:15:29 Job terminated.
	(1) Normal termination (return value 0)
		Usr 0 00:00:00, Sys 0 00:00:00  -  Run Remote Usage
		Usr 0 00:00:00, Sys 0 00:00:00  -  Run Local Usage
		Usr 0 00:00:00, Sys 0 00:00:00  -  Total Remote Usage
		Usr 0 00:00:00, Sys 0 00:00:00  -  Total Local Usage
	77  -  Run Bytes Sent By Job
	1497889  -  Run Bytes Received By Job
	77  -  Total Bytes Sent By Job
	1497889  -  Total Bytes Received By Job
	Partitionable Resources :    Usage  Request Allocated 
	   Cpus                 :        0        1         1 
	   Disk (KB)            :     1500    20480  49550936 
	   Memory (MB)          :        0       20      1826 
...
000 (158.000.000) 12/13 03:19:07 Job submitted from host: <10.0.0.21:9618?addrs=10.0.0.21-9618&noUDP&sock=916_e0d7_4>
...
001 (158.000.000) 12/13 03:19:08 Job executing on host: <10.0.0.22:9618?addrs=10.0.0.22-9618&noUDP&sock=922_fe68_4>
...
006 (158.000.000) 12/13 03:19:08 Image size of job updated: 1
	0  -  MemoryUsage of job (MB)
	0  -  ResidentSetSize of job (KB)
...
005 (158.000.000) 12/13 03:19:09 Job terminated.
	(1) Normal termination (return value 1)
		Usr 0 00:00:00, Sys 0 00:00:00  -  Run Remote Usage
		Usr 0 00:00:00, Sys 0 00:00:00  -  Run Local Usage
		Usr 0 00:00:00, Sys 0 00:00:00  -  Total Remote Usage
		Usr 0 00:00:00, Sys 0 00:00:00  -  Total Local Usage
	49  -  Run Bytes Sent By Job
	1497858  -  Run Bytes Received By Job
	49  -  Total Bytes Sent By Job
	1497858  -  Total Bytes Received By Job
	Partitionable Resources :    Usage  Request Allocated 
	   Cpus                 :                 1         1 
	   Disk (KB)            :     1500    20480  49550936 
	   Memory (MB)          :        0       20      1826 
...
000 (159.000.000) 12/13 03:29:58 Job submitted from host: <10.0.0.21:9618?addrs=10.0.0.21-9618&noUDP&sock=916_e0d7_4>
...
001 (159.000.000) 12/13 03:30:00 Job executing on host: <10.0.0.22:9618?addrs=10.0.0.22-9618&noUDP&sock=922_fe68_4>
...
006 (159.000.000) 12/13 03:30:00 Image size of job updated: 1
	0  -  MemoryUsage of job (MB)
	0  -  ResidentSetSize of job (KB)
...
005 (159.000.000) 12/13 03:30:00 Job terminated.
	(1) Normal termination (return value 1)
		Usr 0 00:00:00, Sys 0 00:00:00  -  Run Remote Usage
		Usr 0 00:00:00, Sys 0 00:00:00  -  Run Local Usage
		Usr 0 00:00:00, Sys 0 00:00:00  -  Total Remote Usage
		Usr 0 00:00:00, Sys 0 00:00:00  -  Total Local Usage
	49  -  Run Bytes Sent By Job
	1497859  -  Run Bytes Received By Job
	49  -  Total Bytes Sent By Job
	1497859  -  Total Bytes Received By Job
	Partitionable Resources :    Usage  Request Allocated 
	   Cpus                 :                 1         1 
	   Disk (KB)            :     1500    20480  49550936 
	   Memory (MB)          :        0       20      1826 
...
000 (160.000.000) 12/13 03:30:11 Job submitted from host: <10.0.0.21:9618?addrs=10.0.0.21-9618&noUDP&sock=916_e0d7_4>
...
001 (160.000.000) 12/13 03:30:19 Job executing on host: <10.0.0.22:9618?addrs=10.0.0.22-9618&noUDP&sock=922_fe68_4>
...
006 (160.000.000) 12/13 03:30:19 Image size of job updated: 1
	0  -  MemoryUsage of job (MB)
	0  -  ResidentSetSize of job (KB)
...
005 (160.000.000) 12/13 03:30:19 Job terminated.
	(1) Normal termination (return value 1)
		Usr 0 00:00:00, Sys 0 00:00:00  -  Run Remote Usage
		Usr 0 00:00:00, Sys 0 00:00:00  -  Run Local Usage
		Usr 0 00:00:00, Sys 0 00:00:00  -  Total Remote Usage
		Usr 0 00:00:00, Sys 0 00:00:00  -  Total Local Usage
	49  -  Run Bytes Sent By Job
	1497859  -  Run Bytes Received By Job
	49  -  Total Bytes Sent By Job
	1497859  -  Total Bytes Received By Job
	Partitionable Resources :    Usage  Request Allocated 
	   Cpus                 :                 1         1 
	   Disk (KB)            :     1500    20480  49550936 
	   Memory (MB)          :        0       20      1826 
...
000 (161.000.000) 12/13 03:35:14 Job submitted from host: <10.0.0.21:9618?addrs=10.0.0.21-9618&noUDP&sock=916_e0d7_4>
...
001 (161.000.000) 12/13 03:35:16 Job executing on host: <10.0.0.22:9618?addrs=10.0.0.22-9618&noUDP&sock=922_fe68_4>
...
006 (161.000.000) 12/13 03:35:16 Image size of job updated: 1
	0  -  MemoryUsage of job (MB)
	0  -  ResidentSetSize of job (KB)
...
005 (161.000.000) 12/13 03:35:16 Job terminated.
	(1) Normal termination (return value 0)
		Usr 0 00:00:00, Sys 0 00:00:00  -  Run Remote Usage
		Usr 0 00:00:00, Sys 0 00:00:00  -  Run Local Usage
		Usr 0 00:00:00, Sys 0 00:00:00  -  Total Remote Usage
		Usr 0 00:00:00, Sys 0 00:00:00  -  Total Local Usage
	62  -  Run Bytes Sent By Job
	1497872  -  Run Bytes Received By Job
	62  -  Total Bytes Sent By Job
	1497872  -  Total Bytes Received By Job
	Partitionable Resources :    Usage  Request Allocated 
	   Cpus                 :                 1         1 
	   Disk (KB)            :     1500    20480  49550936 
	   Memory (MB)          :        0       20      1826 
...
000 (162.000.000) 12/13 03:36:29 Job submitted from host: <10.0.0.21:9618?addrs=10.0.0.21-9618&noUDP&sock=916_e0d7_4>
...
001 (162.000.000) 12/13 03:36:35 Job executing on host: <10.0.0.22:9618?addrs=10.0.0.22-9618&noUDP&sock=922_fe68_4>
...
006 (162.000.000) 12/13 03:36:35 Image size of job updated: 1
	0  -  MemoryUsage of job (MB)
	0  -  ResidentSetSize of job (KB)
...
005 (162.000.000) 12/13 03:36:35 Job terminated.
	(1) Normal termination (return value 0)
		Usr 0 00:00:00, Sys 0 00:00:00  -  Run Remote Usage
		Usr 0 00:00:00, Sys 0 00:00:00  -  Run Local Usage
		Usr 0 00:00:00, Sys 0 00:00:00  -  Total Remote Usage
		Usr 0 00:00:00, Sys 0 00:00:00  -  Total Local Usage
	63  -  Run Bytes Sent By Job
	1497874  -  Run Bytes Received By Job
	63  -  Total Bytes Sent By Job
	1497874  -  Total Bytes Received By Job
	Partitionable Resources :    Usage  Request Allocated 
	   Cpus                 :                 1         1 
	   Disk (KB)            :     1500    20480  49550936 
	   Memory (MB)          :        0       20      1826 
...
000 (163.000.000) 12/13 03:38:39 Job submitted from host: <10.0.0.21:9618?addrs=10.0.0.21-9618&noUDP&sock=916_e0d7_4>
...
001 (163.000.000) 12/13 03:38:56 Job executing on host: <10.0.0.22:9618?addrs=10.0.0.22-9618&noUDP&sock=922_fe68_4>
...
006 (163.000.000) 12/13 03:38:56 Image size of job updated: 1
	0  -  MemoryUsage of job (MB)
	0  -  ResidentSetSize of job (KB)
...
005 (163.000.000) 12/13 03:38:56 Job terminated.
	(1) Normal termination (return value 1)
		Usr 0 00:00:00, Sys 0 00:00:00  -  Run Remote Usage
		Usr 0 00:00:00, Sys 0 00:00:00  -  Run Local Usage
		Usr 0 00:00:00, Sys 0 00:00:00  -  Total Remote Usage
		Usr 0 00:00:00, Sys 0 00:00:00  -  Total Local Usage
	39  -  Run Bytes Sent By Job
	1497848  -  Run Bytes Received By Job
	39  -  Total Bytes Sent By Job
	1497848  -  Total Bytes Received By Job
	Partitionable Resources :    Usage  Request Allocated 
	   Cpus                 :                 1         1 
	   Disk (KB)            :     1500    20480  49550936 
	   Memory (MB)          :        0       20      1826 
...
000 (164.000.000) 12/13 03:39:26 Job submitted from host: <10.0.0.21:9618?addrs=10.0.0.21-9618&noUDP&sock=916_e0d7_4>
...
001 (164.000.000) 12/13 03:39:28 Job executing on host: <10.0.0.22:9618?addrs=10.0.0.22-9618&noUDP&sock=922_fe68_4>
...
006 (164.000.000) 12/13 03:39:28 Image size of job updated: 1
	0  -  MemoryUsage of job (MB)
	0  -  ResidentSetSize of job (KB)
...
005 (164.000.000) 12/13 03:39:29 Job terminated.
	(1) Normal termination (return value 1)
		Usr 0 00:00:00, Sys 0 00:00:00  -  Run Remote Usage
		Usr 0 00:00:00, Sys 0 00:00:00  -  Run Local Usage
		Usr 0 00:00:00, Sys 0 00:00:00  -  Total Remote Usage
		Usr 0 00:00:00, Sys 0 00:00:00  -  Total Local Usage
	48  -  Run Bytes Sent By Job
	1497857  -  Run Bytes Received By Job
	48  -  Total Bytes Sent By Job
	1497857  -  Total Bytes Received By Job
	Partitionable Resources :    Usage  Request Allocated 
	   Cpus                 :                 1         1 
	   Disk (KB)            :     1500    20480  49550936 
	   Memory (MB)          :        0       20      1826 
...
000 (165.000.000) 12/13 03:43:55 Job submitted from host: <10.0.0.21:9618?addrs=10.0.0.21-9618&noUDP&sock=916_e0d7_4>
...
001 (165.000.000) 12/13 03:43:57 Job executing on host: <10.0.0.22:9618?addrs=10.0.0.22-9618&noUDP&sock=922_fe68_4>
...
006 (165.000.000) 12/13 03:43:57 Image size of job updated: 1
	0  -  MemoryUsage of job (MB)
	0  -  ResidentSetSize of job (KB)
...
005 (165.000.000) 12/13 03:43:57 Job terminated.
	(1) Normal termination (return value 0)
		Usr 0 00:00:00, Sys 0 00:00:00  -  Run Remote Usage
		Usr 0 00:00:00, Sys 0 00:00:00  -  Run Local Usage
		Usr 0 00:00:00, Sys 0 00:00:00  -  Total Remote Usage
		Usr 0 00:00:00, Sys 0 00:00:00  -  Total Local Usage
	36  -  Run Bytes Sent By Job
	1497919  -  Run Bytes Received By Job
	36  -  Total Bytes Sent By Job
	1497919  -  Total Bytes Received By Job
	Partitionable Resources :    Usage  Request Allocated 
	   Cpus                 :                 1         1 
	   Disk (KB)            :     1500    20480  49550936 
	   Memory (MB)          :        0       20      1826 
...
000 (166.000.000) 12/13 03:50:15 Job submitted from host: <10.0.0.21:9618?addrs=10.0.0.21-9618&noUDP&sock=916_e0d7_4>
...
001 (166.000.000) 12/13 03:50:17 Job executing on host: <10.0.0.22:9618?addrs=10.0.0.22-9618&noUDP&sock=922_fe68_4>
...
006 (166.000.000) 12/13 03:50:17 Image size of job updated: 1
	0  -  MemoryUsage of job (MB)
	0  -  ResidentSetSize of job (KB)
...
005 (166.000.000) 12/13 03:50:18 Job terminated.
	(1) Normal termination (return value 0)
		Usr 0 00:00:00, Sys 0 00:00:00  -  Run Remote Usage
		Usr 0 00:00:00, Sys 0 00:00:00  -  Run Local Usage
		Usr 0 00:00:00, Sys 0 00:00:00  -  Total Remote Usage
		Usr 0 00:00:00, Sys 0 00:00:00  -  Total Local Usage
	2321  -  Run Bytes Sent By Job
	1498012  -  Run Bytes Received By Job
	2321  -  Total Bytes Sent By Job
	1498012  -  Total Bytes Received By Job
	Partitionable Resources :    Usage  Request Allocated 
	   Cpus                 :                 1         1 
	   Disk (KB)            :     1500    20480  49550936 
	   Memory (MB)          :        0       20      1826 
...
000 (167.000.000) 12/13 03:53:20 Job submitted from host: <10.0.0.21:9618?addrs=10.0.0.21-9618&noUDP&sock=916_e0d7_4>
...
001 (167.000.000) 12/13 03:53:37 Job executing on host: <10.0.0.22:9618?addrs=10.0.0.22-9618&noUDP&sock=922_fe68_4>
...
006 (167.000.000) 12/13 03:53:37 Image size of job updated: 1
	0  -  MemoryUsage of job (MB)
	0  -  ResidentSetSize of job (KB)
...
005 (167.000.000) 12/13 03:53:37 Job terminated.
	(1) Normal termination (return value 0)
		Usr 0 00:00:00, Sys 0 00:00:00  -  Run Remote Usage
		Usr 0 00:00:00, Sys 0 00:00:00  -  Run Local Usage
		Usr 0 00:00:00, Sys 0 00:00:00  -  Total Remote Usage
		Usr 0 00:00:00, Sys 0 00:00:00  -  Total Local Usage
	2301  -  Run Bytes Sent By Job
	1498021  -  Run Bytes Received By Job
	2301  -  Total Bytes Sent By Job
	1498021  -  Total Bytes Received By Job
	Partitionable Resources :    Usage  Request Allocated 
	   Cpus                 :                 1         1 
	   Disk (KB)            :     1500    20480  49550936 
	   Memory (MB)          :        0       20      1826 
...
000 (168.000.000) 12/13 03:55:01 Job submitted from host: <10.0.0.21:9618?addrs=10.0.0.21-9618&noUDP&sock=916_e0d7_4>
...
001 (168.000.000) 12/13 03:55:02 Job executing on host: <10.0.0.22:9618?addrs=10.0.0.22-9618&noUDP&sock=922_fe68_4>
...
006 (168.000.000) 12/13 03:55:02 Image size of job updated: 1
	0  -  MemoryUsage of job (MB)
	0  -  ResidentSetSize of job (KB)
...
005 (168.000.000) 12/13 03:55:02 Job terminated.
	(1) Normal termination (return value 0)
		Usr 0 00:00:00, Sys 0 00:00:00  -  Run Remote Usage
		Usr 0 00:00:00, Sys 0 00:00:00  -  Run Local Usage
		Usr 0 00:00:00, Sys 0 00:00:00  -  Total Remote Usage
		Usr 0 00:00:00, Sys 0 00:00:00  -  Total Local Usage
	2301  -  Run Bytes Sent By Job
	1498017  -  Run Bytes Received By Job
	2301  -  Total Bytes Sent By Job
	1498017  -  Total Bytes Received By Job
	Partitionable Resources :    Usage  Request Allocated 
	   Cpus                 :                 1         1 
	   Disk (KB)            :     1500    20480  49550936 
	   Memory (MB)          :        0       20      1826 
...
000 (169.000.000) 12/13 15:09:52 Job submitted from host: <10.0.0.21:9618?addrs=10.0.0.21-9618&noUDP&sock=898_8822_4>
...
001 (169.000.000) 12/13 15:09:54 Job executing on host: <10.0.0.23:9618?addrs=10.0.0.23-9618&noUDP&sock=910_c345_4>
...
006 (169.000.000) 12/13 15:10:02 Image size of job updated: 3168
	1  -  MemoryUsage of job (MB)
	660  -  ResidentSetSize of job (KB)
...
006 (169.000.000) 12/13 15:10:13 Image size of job updated: 248492
	1  -  MemoryUsage of job (MB)
	660  -  ResidentSetSize of job (KB)
...
005 (169.000.000) 12/13 15:10:14 Job terminated.
	(1) Normal termination (return value 0)
		Usr 0 00:00:00, Sys 0 00:00:00  -  Run Remote Usage
		Usr 0 00:00:00, Sys 0 00:00:00  -  Run Local Usage
		Usr 0 00:00:00, Sys 0 00:00:00  -  Total Remote Usage
		Usr 0 00:00:00, Sys 0 00:00:00  -  Total Local Usage
	2301  -  Run Bytes Sent By Job
	1498017  -  Run Bytes Received By Job
	2301  -  Total Bytes Sent By Job
	1498017  -  Total Bytes Received By Job
	Partitionable Resources :    Usage  Request Allocated 
	   Cpus                 :        0        1         1 
	   Disk (KB)            :     1500    20480  49439872 
	   Memory (MB)          :        1       20      1826 
...
000 (170.000.000) 12/13 15:14:24 Job submitted from host: <10.0.0.21:9618?addrs=10.0.0.21-9618&noUDP&sock=898_8822_4>
...
001 (170.000.000) 12/13 15:14:26 Job executing on host: <10.0.0.23:9618?addrs=10.0.0.23-9618&noUDP&sock=910_c345_4>
...
006 (170.000.000) 12/13 15:14:26 Image size of job updated: 1
	0  -  MemoryUsage of job (MB)
	0  -  ResidentSetSize of job (KB)
...
005 (170.000.000) 12/13 15:14:26 Job terminated.
	(1) Normal termination (return value 0)
		Usr 0 00:00:00, Sys 0 00:00:00  -  Run Remote Usage
		Usr 0 00:00:00, Sys 0 00:00:00  -  Run Local Usage
		Usr 0 00:00:00, Sys 0 00:00:00  -  Total Remote Usage
		Usr 0 00:00:00, Sys 0 00:00:00  -  Total Local Usage
	2301  -  Run Bytes Sent By Job
	1498023  -  Run Bytes Received By Job
	2301  -  Total Bytes Sent By Job
	1498023  -  Total Bytes Received By Job
	Partitionable Resources :    Usage  Request Allocated 
	   Cpus                 :                 1         1 
	   Disk (KB)            :     1500    20480  49439872 
	   Memory (MB)          :        0       20      1826 
...
000 (171.000.000) 12/13 15:18:52 Job submitted from host: <10.0.0.21:9618?addrs=10.0.0.21-9618&noUDP&sock=898_8822_4>
...
001 (171.000.000) 12/13 15:18:53 Job executing on host: <10.0.0.23:9618?addrs=10.0.0.23-9618&noUDP&sock=910_c345_4>
...
006 (171.000.000) 12/13 15:18:54 Image size of job updated: 1
	0  -  MemoryUsage of job (MB)
	0  -  ResidentSetSize of job (KB)
...
005 (171.000.000) 12/13 15:18:54 Job terminated.
	(1) Normal termination (return value 0)
		Usr 0 00:00:00, Sys 0 00:00:00  -  Run Remote Usage
		Usr 0 00:00:00, Sys 0 00:00:00  -  Run Local Usage
		Usr 0 00:00:00, Sys 0 00:00:00  -  Total Remote Usage
		Usr 0 00:00:00, Sys 0 00:00:00  -  Total Local Usage
	2292  -  Run Bytes Sent By Job
	1497996  -  Run Bytes Received By Job
	2292  -  Total Bytes Sent By Job
	1497996  -  Total Bytes Received By Job
	Partitionable Resources :    Usage  Request Allocated 
	   Cpus                 :                 1         1 
	   Disk (KB)            :     1500    20480  49439872 
	   Memory (MB)          :        0       20      1826 
...
000 (172.000.000) 12/13 15:20:42 Job submitted from host: <10.0.0.21:9618?addrs=10.0.0.21-9618&noUDP&sock=898_8822_4>
...
001 (172.000.000) 12/13 15:20:43 Job executing on host: <10.0.0.23:9618?addrs=10.0.0.23-9618&noUDP&sock=910_c345_4>
...
006 (172.000.000) 12/13 15:20:43 Image size of job updated: 1
	0  -  MemoryUsage of job (MB)
	0  -  ResidentSetSize of job (KB)
...
005 (172.000.000) 12/13 15:20:43 Job terminated.
	(1) Normal termination (return value 1)
		Usr 0 00:00:00, Sys 0 00:00:00  -  Run Remote Usage
		Usr 0 00:00:00, Sys 0 00:00:00  -  Run Local Usage
		Usr 0 00:00:00, Sys 0 00:00:00  -  Total Remote Usage
		Usr 0 00:00:00, Sys 0 00:00:00  -  Total Local Usage
	2343  -  Run Bytes Sent By Job
	1497997  -  Run Bytes Received By Job
	2343  -  Total Bytes Sent By Job
	1497997  -  Total Bytes Received By Job
	Partitionable Resources :    Usage  Request Allocated 
	   Cpus                 :                 1         1 
	   Disk (KB)            :     1500    20480  49439872 
	   Memory (MB)          :        0       20      1826 
...
000 (173.000.000) 12/13 15:22:19 Job submitted from host: <10.0.0.21:9618?addrs=10.0.0.21-9618&noUDP&sock=898_8822_4>
...
001 (173.000.000) 12/13 15:22:21 Job executing on host: <10.0.0.23:9618?addrs=10.0.0.23-9618&noUDP&sock=910_c345_4>
...
006 (173.000.000) 12/13 15:22:21 Image size of job updated: 1
	0  -  MemoryUsage of job (MB)
	0  -  ResidentSetSize of job (KB)
...
005 (173.000.000) 12/13 15:22:21 Job terminated.
	(1) Normal termination (return value 1)
		Usr 0 00:00:00, Sys 0 00:00:00  -  Run Remote Usage
		Usr 0 00:00:00, Sys 0 00:00:00  -  Run Local Usage
		Usr 0 00:00:00, Sys 0 00:00:00  -  Total Remote Usage
		Usr 0 00:00:00, Sys 0 00:00:00  -  Total Local Usage
	2343  -  Run Bytes Sent By Job
	289  -  Run Bytes Received By Job
	2343  -  Total Bytes Sent By Job
	289  -  Total Bytes Received By Job
	Partitionable Resources :    Usage  Request Allocated 
	   Cpus                 :                 1         1 
	   Disk (KB)            :       11    20480  49439872 
	   Memory (MB)          :        0       20      1826 
...
000 (174.000.000) 12/13 15:23:04 Job submitted from host: <10.0.0.21:9618?addrs=10.0.0.21-9618&noUDP&sock=898_8822_4>
...
001 (174.000.000) 12/13 15:23:06 Job executing on host: <10.0.0.23:9618?addrs=10.0.0.23-9618&noUDP&sock=910_c345_4>
...
006 (174.000.000) 12/13 15:23:06 Image size of job updated: 1
	0  -  MemoryUsage of job (MB)
	0  -  ResidentSetSize of job (KB)
...
005 (174.000.000) 12/13 15:23:06 Job terminated.
	(1) Normal termination (return value 1)
		Usr 0 00:00:00, Sys 0 00:00:00  -  Run Remote Usage
		Usr 0 00:00:00, Sys 0 00:00:00  -  Run Local Usage
		Usr 0 00:00:00, Sys 0 00:00:00  -  Total Remote Usage
		Usr 0 00:00:00, Sys 0 00:00:00  -  Total Local Usage
	2343  -  Run Bytes Sent By Job
	289  -  Run Bytes Received By Job
	2343  -  Total Bytes Sent By Job
	289  -  Total Bytes Received By Job
	Partitionable Resources :    Usage  Request Allocated 
	   Cpus                 :                 1         1 
	   Disk (KB)            :       11    20480  49439872 
	   Memory (MB)          :        0       20      1826 
...
000 (175.000.000) 12/13 15:29:42 Job submitted from host: <10.0.0.21:9618?addrs=10.0.0.21-9618&noUDP&sock=898_8822_4>
...
001 (175.000.000) 12/13 15:29:43 Job executing on host: <10.0.0.23:9618?addrs=10.0.0.23-9618&noUDP&sock=910_c345_4>
...
006 (175.000.000) 12/13 15:29:43 Image size of job updated: 1
	0  -  MemoryUsage of job (MB)
	0  -  ResidentSetSize of job (KB)
...
005 (175.000.000) 12/13 15:29:43 Job terminated.
	(1) Normal termination (return value 0)
		Usr 0 00:00:00, Sys 0 00:00:00  -  Run Remote Usage
		Usr 0 00:00:00, Sys 0 00:00:00  -  Run Local Usage
		Usr 0 00:00:00, Sys 0 00:00:00  -  Total Remote Usage
		Usr 0 00:00:00, Sys 0 00:00:00  -  Total Local Usage
	2292  -  Run Bytes Sent By Job
	282  -  Run Bytes Received By Job
	2292  -  Total Bytes Sent By Job
	282  -  Total Bytes Received By Job
	Partitionable Resources :    Usage  Request Allocated 
	   Cpus                 :                 1         1 
	   Disk (KB)            :       11    20480  49439872 
	   Memory (MB)          :        0       20      1826 
...
000 (180.000.000) 12/13 16:05:45 Job submitted from host: <10.0.0.21:9618?addrs=10.0.0.21-9618&noUDP&sock=898_8822_4>
...
001 (180.000.000) 12/13 16:05:50 Job executing on host: <10.0.0.23:9618?addrs=10.0.0.23-9618&noUDP&sock=910_c345_4>
...
006 (180.000.000) 12/13 16:05:50 Image size of job updated: 1
	0  -  MemoryUsage of job (MB)
	0  -  ResidentSetSize of job (KB)
...
005 (180.000.000) 12/13 16:05:50 Job terminated.
	(1) Normal termination (return value 1)
		Usr 0 00:00:00, Sys 0 00:00:00  -  Run Remote Usage
		Usr 0 00:00:00, Sys 0 00:00:00  -  Run Local Usage
		Usr 0 00:00:00, Sys 0 00:00:00  -  Total Remote Usage
		Usr 0 00:00:00, Sys 0 00:00:00  -  Total Local Usage
	2286  -  Run Bytes Sent By Job
	1469469  -  Run Bytes Received By Job
	2286  -  Total Bytes Sent By Job
	1469469  -  Total Bytes Received By Job
	Partitionable Resources :    Usage  Request Allocated 
	   Cpus                 :                 1         1 
	   Disk (KB)            :     1500    20480  49439872 
	   Memory (MB)          :        0       20      1826 
...
000 (181.000.000) 12/13 16:06:26 Job submitted from host: <10.0.0.21:9618?addrs=10.0.0.21-9618&noUDP&sock=898_8822_4>
...
001 (181.000.000) 12/13 16:06:27 Job executing on host: <10.0.0.23:9618?addrs=10.0.0.23-9618&noUDP&sock=910_c345_4>
...
006 (181.000.000) 12/13 16:06:28 Image size of job updated: 1
	0  -  MemoryUsage of job (MB)
	0  -  ResidentSetSize of job (KB)
...
005 (181.000.000) 12/13 16:06:28 Job terminated.
	(1) Normal termination (return value 0)
		Usr 0 00:00:00, Sys 0 00:00:00  -  Run Remote Usage
		Usr 0 00:00:00, Sys 0 00:00:00  -  Run Local Usage
		Usr 0 00:00:00, Sys 0 00:00:00  -  Total Remote Usage
		Usr 0 00:00:00, Sys 0 00:00:00  -  Total Local Usage
	1470965  -  Run Bytes Sent By Job
	1469465  -  Run Bytes Received By Job
	1470965  -  Total Bytes Sent By Job
	1469465  -  Total Bytes Received By Job
	Partitionable Resources :    Usage  Request Allocated 
	   Cpus                 :                 1         1 
	   Disk (KB)            :     2880    20480  49439872 
	   Memory (MB)          :        0       20      1826 
...
000 (184.000.000) 12/13 16:12:28 Job submitted from host: <10.0.0.21:9618?addrs=10.0.0.21-9618&noUDP&sock=898_8822_4>
    DAG Node: A2
...
001 (184.000.000) 12/13 16:12:28 Job executing on host: <10.0.0.21:9618?addrs=10.0.0.21-9618&noUDP&sock=898_8822_5>
...
006 (184.000.000) 12/13 16:12:28 Image size of job updated: 1
	0  -  MemoryUsage of job (MB)
	0  -  ResidentSetSize of job (KB)
...
005 (184.000.000) 12/13 16:12:28 Job terminated.
	(1) Normal termination (return value 1)
		Usr 0 00:00:00, Sys 0 00:00:00  -  Run Remote Usage
		Usr 0 00:00:00, Sys 0 00:00:00  -  Run Local Usage
		Usr 0 00:00:00, Sys 0 00:00:00  -  Total Remote Usage
		Usr 0 00:00:00, Sys 0 00:00:00  -  Total Local Usage
	0  -  Run Bytes Sent By Job
	0  -  Run Bytes Received By Job
	0  -  Total Bytes Sent By Job
	0  -  Total Bytes Received By Job
	Partitionable Resources :    Usage  Request Allocated 
	   Cpus                 :                 1         1 
	   Disk (KB)            :     1500    20480  49361944 
	   Memory (MB)          :        0       20      1827 
...
000 (185.000.000) 12/13 16:14:06 Job submitted from host: <10.0.0.21:9618?addrs=10.0.0.21-9618&noUDP&sock=898_8822_4>
...
001 (185.000.000) 12/13 16:14:07 Job executing on host: <10.0.0.22:9618?addrs=10.0.0.22-9618&noUDP&sock=909_13ad_4>
...
006 (185.000.000) 12/13 16:14:07 Image size of job updated: 1
	0  -  MemoryUsage of job (MB)
	0  -  ResidentSetSize of job (KB)
...
005 (185.000.000) 12/13 16:14:07 Job terminated.
	(1) Normal termination (return value 0)
		Usr 0 00:00:00, Sys 0 00:00:00  -  Run Remote Usage
		Usr 0 00:00:00, Sys 0 00:00:00  -  Run Local Usage
		Usr 0 00:00:00, Sys 0 00:00:00  -  Total Remote Usage
		Usr 0 00:00:00, Sys 0 00:00:00  -  Total Local Usage
	1470965  -  Run Bytes Sent By Job
	1469465  -  Run Bytes Received By Job
	1470965  -  Total Bytes Sent By Job
	1469465  -  Total Bytes Received By Job
	Partitionable Resources :    Usage  Request Allocated 
	   Cpus                 :                 1         1 
	   Disk (KB)            :     2881    20480  49549612 
	   Memory (MB)          :        0       20      1827 
...
000 (187.000.000) 12/13 16:15:54 Job submitted from host: <10.0.0.21:9618?addrs=10.0.0.21-9618&noUDP&sock=898_8822_4>
    DAG Node: A2
...
001 (187.000.000) 12/13 16:16:12 Job executing on host: <10.0.0.23:9618?addrs=10.0.0.23-9618&noUDP&sock=910_c345_4>
...
006 (187.000.000) 12/13 16:16:12 Image size of job updated: 1
	0  -  MemoryUsage of job (MB)
	0  -  ResidentSetSize of job (KB)
...
005 (187.000.000) 12/13 16:16:12 Job terminated.
	(1) Normal termination (return value 0)
		Usr 0 00:00:00, Sys 0 00:00:00  -  Run Remote Usage
		Usr 0 00:00:00, Sys 0 00:00:00  -  Run Local Usage
		Usr 0 00:00:00, Sys 0 00:00:00  -  Total Remote Usage
		Usr 0 00:00:00, Sys 0 00:00:00  -  Total Local Usage
	1470965  -  Run Bytes Sent By Job
	1469465  -  Run Bytes Received By Job
	1470965  -  Total Bytes Sent By Job
	1469465  -  Total Bytes Received By Job
	Partitionable Resources :    Usage  Request Allocated 
	   Cpus                 :                 1         1 
	   Disk (KB)            :     2881    20480  49439872 
	   Memory (MB)          :        0       20      1826 
...
000 (190.000.000) 12/13 16:19:26 Job submitted from host: <10.0.0.21:9618?addrs=10.0.0.21-9618&noUDP&sock=898_8822_4>
    DAG Node: A2
...
001 (190.000.000) 12/13 16:19:26 Job executing on host: <10.0.0.21:9618?addrs=10.0.0.21-9618&noUDP&sock=898_8822_5>
...
006 (190.000.000) 12/13 16:19:26 Image size of job updated: 1
	0  -  MemoryUsage of job (MB)
	0  -  ResidentSetSize of job (KB)
...
005 (190.000.000) 12/13 16:19:26 Job terminated.
	(1) Normal termination (return value 1)
		Usr 0 00:00:00, Sys 0 00:00:00  -  Run Remote Usage
		Usr 0 00:00:00, Sys 0 00:00:00  -  Run Local Usage
		Usr 0 00:00:00, Sys 0 00:00:00  -  Total Remote Usage
		Usr 0 00:00:00, Sys 0 00:00:00  -  Total Local Usage
	0  -  Run Bytes Sent By Job
	0  -  Run Bytes Received By Job
	0  -  Total Bytes Sent By Job
	0  -  Total Bytes Received By Job
	Partitionable Resources :    Usage  Request Allocated 
	   Cpus                 :                 1         1 
	   Disk (KB)            :     1500    20480  49361944 
	   Memory (MB)          :        0       20      1827 
...
000 (192.000.000) 12/13 16:19:42 Job submitted from host: <10.0.0.21:9618?addrs=10.0.0.21-9618&noUDP&sock=898_8822_4>
    DAG Node: A2
...
001 (192.000.000) 12/13 16:20:04 Job executing on host: <10.0.0.23:9618?addrs=10.0.0.23-9618&noUDP&sock=910_c345_4>
...
006 (192.000.000) 12/13 16:20:04 Image size of job updated: 1
	0  -  MemoryUsage of job (MB)
	0  -  ResidentSetSize of job (KB)
...
005 (192.000.000) 12/13 16:20:04 Job terminated.
	(1) Normal termination (return value 0)
		Usr 0 00:00:00, Sys 0 00:00:00  -  Run Remote Usage
		Usr 0 00:00:00, Sys 0 00:00:00  -  Run Local Usage
		Usr 0 00:00:00, Sys 0 00:00:00  -  Total Remote Usage
		Usr 0 00:00:00, Sys 0 00:00:00  -  Total Local Usage
	1470965  -  Run Bytes Sent By Job
	1469465  -  Run Bytes Received By Job
	1470965  -  Total Bytes Sent By Job
	1469465  -  Total Bytes Received By Job
	Partitionable Resources :    Usage  Request Allocated 
	   Cpus                 :                 1         1 
	   Disk (KB)            :     2881    20480  49439872 
	   Memory (MB)          :        0       20      1826 
...
000 (195.000.000) 12/13 16:24:28 Job submitted from host: <10.0.0.21:9618?addrs=10.0.0.21-9618&noUDP&sock=898_8822_4>
    DAG Node: A2
...
001 (195.000.000) 12/13 16:24:28 Job executing on host: <10.0.0.21:9618?addrs=10.0.0.21-9618&noUDP&sock=898_8822_5>
...
006 (195.000.000) 12/13 16:24:28 Image size of job updated: 1
	0  -  MemoryUsage of job (MB)
	0  -  ResidentSetSize of job (KB)
...
005 (195.000.000) 12/13 16:24:28 Job terminated.
	(1) Normal termination (return value 1)
		Usr 0 00:00:00, Sys 0 00:00:00  -  Run Remote Usage
		Usr 0 00:00:00, Sys 0 00:00:00  -  Run Local Usage
		Usr 0 00:00:00, Sys 0 00:00:00  -  Total Remote Usage
		Usr 0 00:00:00, Sys 0 00:00:00  -  Total Local Usage
	0  -  Run Bytes Sent By Job
	0  -  Run Bytes Received By Job
	0  -  Total Bytes Sent By Job
	0  -  Total Bytes Received By Job
	Partitionable Resources :    Usage  Request Allocated 
	   Cpus                 :                 1         1 
	   Disk (KB)            :     1500    20480  49361944 
	   Memory (MB)          :        0       20      1827 
...
000 (196.000.000) 12/13 16:24:38 Job submitted from host: <10.0.0.21:9618?addrs=10.0.0.21-9618&noUDP&sock=898_8822_4>
    DAG Node: A2
...
001 (196.000.000) 12/13 16:24:39 Job executing on host: <10.0.0.22:9618?addrs=10.0.0.22-9618&noUDP&sock=909_13ad_4>
...
006 (196.000.000) 12/13 16:24:39 Image size of job updated: 1
	0  -  MemoryUsage of job (MB)
	0  -  ResidentSetSize of job (KB)
...
005 (196.000.000) 12/13 16:24:39 Job terminated.
	(1) Normal termination (return value 0)
		Usr 0 00:00:00, Sys 0 00:00:00  -  Run Remote Usage
		Usr 0 00:00:00, Sys 0 00:00:00  -  Run Local Usage
		Usr 0 00:00:00, Sys 0 00:00:00  -  Total Remote Usage
		Usr 0 00:00:00, Sys 0 00:00:00  -  Total Local Usage
	1470965  -  Run Bytes Sent By Job
	1469465  -  Run Bytes Received By Job
	1470965  -  Total Bytes Sent By Job
	1469465  -  Total Bytes Received By Job
	Partitionable Resources :    Usage  Request Allocated 
	   Cpus                 :                 1         1 
	   Disk (KB)            :     2881    20480  49549612 
	   Memory (MB)          :        0       20      1827 
...
000 (199.000.000) 12/13 16:29:57 Job submitted from host: <10.0.0.21:9618?addrs=10.0.0.21-9618&noUDP&sock=898_8822_4>
    DAG Node: A2
...
001 (199.000.000) 12/13 16:29:59 Job executing on host: <10.0.0.23:9618?addrs=10.0.0.23-9618&noUDP&sock=910_c345_4>
...
006 (199.000.000) 12/13 16:29:59 Image size of job updated: 1
	0  -  MemoryUsage of job (MB)
	0  -  ResidentSetSize of job (KB)
...
005 (199.000.000) 12/13 16:29:59 Job terminated.
	(1) Normal termination (return value 0)
		Usr 0 00:00:00, Sys 0 00:00:00  -  Run Remote Usage
		Usr 0 00:00:00, Sys 0 00:00:00  -  Run Local Usage
		Usr 0 00:00:00, Sys 0 00:00:00  -  Total Remote Usage
		Usr 0 00:00:00, Sys 0 00:00:00  -  Total Local Usage
	1470965  -  Run Bytes Sent By Job
	1469465  -  Run Bytes Received By Job
	1470965  -  Total Bytes Sent By Job
	1469465  -  Total Bytes Received By Job
	Partitionable Resources :    Usage  Request Allocated 
	   Cpus                 :                 1         1 
	   Disk (KB)            :     2881    20480  49439872 
	   Memory (MB)          :        0       20      1826 
...
000 (202.000.000) 12/13 21:03:38 Job submitted from host: <10.0.0.21:9618?addrs=10.0.0.21-9618&noUDP&sock=898_8822_4>
    DAG Node: A2
...
009 (202.000.000) 12/13 21:04:08 Job was aborted by the user.
	via condor_rm (by user vagrant)
...
000 (205.000.000) 12/14 21:53:57 Job submitted from host: <10.0.0.21:9618?addrs=10.0.0.21-9618&noUDP&sock=918_4007_4>
    DAG Node: A2
...
001 (205.000.000) 12/14 21:53:59 Job executing on host: <10.0.0.22:9618?addrs=10.0.0.22-9618&noUDP&sock=905_554c_4>
...
006 (205.000.000) 12/14 21:53:59 Image size of job updated: 1
	0  -  MemoryUsage of job (MB)
	0  -  ResidentSetSize of job (KB)
...
005 (205.000.000) 12/14 21:54:00 Job terminated.
	(1) Normal termination (return value 0)
		Usr 0 00:00:00, Sys 0 00:00:00  -  Run Remote Usage
		Usr 0 00:00:00, Sys 0 00:00:00  -  Run Local Usage
		Usr 0 00:00:00, Sys 0 00:00:00  -  Total Remote Usage
		Usr 0 00:00:00, Sys 0 00:00:00  -  Total Local Usage
	1668569  -  Run Bytes Sent By Job
	1667058  -  Run Bytes Received By Job
	1668569  -  Total Bytes Sent By Job
	1667058  -  Total Bytes Received By Job
	Partitionable Resources :    Usage  Request Allocated 
	   Cpus                 :        0        1         1 
	   Disk (KB)            :     3271    20480  49548376 
	   Memory (MB)          :        0       20      1827 
...
000 (208.000.000) 12/14 22:08:44 Job submitted from host: <10.0.0.21:9618?addrs=10.0.0.21-9618&noUDP&sock=918_4007_4>
    DAG Node: A2
...
001 (208.000.000) 12/14 22:08:45 Job executing on host: <10.0.0.23:9618?addrs=10.0.0.23-9618&noUDP&sock=926_bcc9_4>
...
006 (208.000.000) 12/14 22:08:46 Image size of job updated: 1
	0  -  MemoryUsage of job (MB)
	0  -  ResidentSetSize of job (KB)
...
005 (208.000.000) 12/14 22:08:46 Job terminated.
	(1) Normal termination (return value 0)
		Usr 0 00:00:00, Sys 0 00:00:00  -  Run Remote Usage
		Usr 0 00:00:00, Sys 0 00:00:00  -  Run Local Usage
		Usr 0 00:00:00, Sys 0 00:00:00  -  Total Remote Usage
		Usr 0 00:00:00, Sys 0 00:00:00  -  Total Local Usage
	4194459  -  Run Bytes Sent By Job
	4195434  -  Run Bytes Received By Job
	4194459  -  Total Bytes Sent By Job
	4195434  -  Total Bytes Received By Job
	Partitionable Resources :    Usage  Request Allocated 
	   Cpus                 :                 1         1 
	   Disk (KB)            :     8202    20480  49438500 
	   Memory (MB)          :        0       20      1827 
...
000 (211.000.000) 12/14 23:00:45 Job submitted from host: <10.0.0.21:9618?addrs=10.0.0.21-9618&noUDP&sock=918_4007_4>
    DAG Node: A2
...
001 (211.000.000) 12/14 23:00:46 Job executing on host: <10.0.0.23:9618?addrs=10.0.0.23-9618&noUDP&sock=926_bcc9_4>
...
006 (211.000.000) 12/14 23:00:46 Image size of job updated: 1
	0  -  MemoryUsage of job (MB)
	0  -  ResidentSetSize of job (KB)
...
005 (211.000.000) 12/14 23:00:47 Job terminated.
	(1) Normal termination (return value 0)
		Usr 0 00:00:00, Sys 0 00:00:00  -  Run Remote Usage
		Usr 0 00:00:00, Sys 0 00:00:00  -  Run Local Usage
		Usr 0 00:00:00, Sys 0 00:00:00  -  Total Remote Usage
		Usr 0 00:00:00, Sys 0 00:00:00  -  Total Local Usage
	4194459  -  Run Bytes Sent By Job
	4195434  -  Run Bytes Received By Job
	4194459  -  Total Bytes Sent By Job
	4195434  -  Total Bytes Received By Job
	Partitionable Resources :    Usage  Request Allocated 
	   Cpus                 :                 1         1 
	   Disk (KB)            :     8202    20480  49438500 
	   Memory (MB)          :        0       20      1827 
...
000 (214.000.000) 12/14 23:20:24 Job submitted from host: <10.0.0.21:9618?addrs=10.0.0.21-9618&noUDP&sock=918_4007_4>
    DAG Node: A2
...
001 (214.000.000) 12/14 23:20:25 Job executing on host: <10.0.0.23:9618?addrs=10.0.0.23-9618&noUDP&sock=926_bcc9_4>
...
006 (214.000.000) 12/14 23:20:25 Image size of job updated: 1
	0  -  MemoryUsage of job (MB)
	0  -  ResidentSetSize of job (KB)
...
005 (214.000.000) 12/14 23:20:25 Job terminated.
	(1) Normal termination (return value 0)
		Usr 0 00:00:00, Sys 0 00:00:00  -  Run Remote Usage
		Usr 0 00:00:00, Sys 0 00:00:00  -  Run Local Usage
		Usr 0 00:00:00, Sys 0 00:00:00  -  Total Remote Usage
		Usr 0 00:00:00, Sys 0 00:00:00  -  Total Local Usage
	4194459  -  Run Bytes Sent By Job
	4195434  -  Run Bytes Received By Job
	4194459  -  Total Bytes Sent By Job
	4195434  -  Total Bytes Received By Job
	Partitionable Resources :    Usage  Request Allocated 
	   Cpus                 :                 1         1 
	   Disk (KB)            :     8202    20480  49438500 
	   Memory (MB)          :        0       20      1827 
...
